{
  "RSpec": {
    "coverage": {
      "/Users/whitney/Desktop/turing/3_module/projects/rales_engine/config/environment.rb": [
        null,
        1,
        null,
        null,
        1
      ],
      "/Users/whitney/Desktop/turing/3_module/projects/rales_engine/config/environments/test.rb": [
        1,
        null,
        null,
        null,
        null,
        null,
        null,
        1,
        null,
        null,
        null,
        null,
        1,
        null,
        null,
        1,
        1,
        null,
        null,
        1,
        1,
        null,
        null,
        1,
        null,
        null,
        1,
        null,
        null,
        null,
        null,
        1,
        null,
        null,
        1,
        null,
        null,
        1,
        null,
        null,
        null,
        null
      ],
      "/Users/whitney/Desktop/turing/3_module/projects/rales_engine/config/initializers/assets.rb": [
        null,
        null,
        null,
        1,
        null,
        null,
        null,
        null,
        null,
        null,
        null
      ],
      "/Users/whitney/Desktop/turing/3_module/projects/rales_engine/config/initializers/backtrace_silencers.rb": [
        null,
        null,
        null,
        null,
        null,
        null,
        null
      ],
      "/Users/whitney/Desktop/turing/3_module/projects/rales_engine/config/initializers/cookies_serializer.rb": [
        null,
        null,
        1
      ],
      "/Users/whitney/Desktop/turing/3_module/projects/rales_engine/config/initializers/filter_parameter_logging.rb": [
        null,
        null,
        null,
        1
      ],
      "/Users/whitney/Desktop/turing/3_module/projects/rales_engine/config/initializers/inflections.rb": [
        null,
        null,
        null,
        null,
        null,
        null,
        null,
        null,
        null,
        null,
        null,
        null,
        null,
        null,
        null,
        null
      ],
      "/Users/whitney/Desktop/turing/3_module/projects/rales_engine/config/initializers/mime_types.rb": [
        null,
        null,
        null,
        null
      ],
      "/Users/whitney/Desktop/turing/3_module/projects/rales_engine/config/initializers/session_store.rb": [
        null,
        null,
        1
      ],
      "/Users/whitney/Desktop/turing/3_module/projects/rales_engine/config/initializers/wrap_parameters.rb": [
        null,
        null,
        null,
        null,
        null,
        null,
        1,
        1,
        null,
        null,
        null,
        null,
        null,
        null
      ],
      "/Users/whitney/Desktop/turing/3_module/projects/rales_engine/spec/factories/customer.rb": [
        1,
        1,
        1,
        1,
        null,
        null
      ],
      "/Users/whitney/Desktop/turing/3_module/projects/rales_engine/spec/factories/invoice.rb": [
        1,
        1,
        1,
        1,
        1,
        null,
        null
      ],
      "/Users/whitney/Desktop/turing/3_module/projects/rales_engine/spec/factories/invoice_item.rb": [
        1,
        1,
        1,
        1,
        1,
        1,
        null,
        null
      ],
      "/Users/whitney/Desktop/turing/3_module/projects/rales_engine/spec/factories/item.rb": [
        1,
        1,
        1,
        1,
        1,
        1,
        null,
        null
      ],
      "/Users/whitney/Desktop/turing/3_module/projects/rales_engine/spec/factories/merchant.rb": [
        1,
        1,
        1,
        null,
        null
      ],
      "/Users/whitney/Desktop/turing/3_module/projects/rales_engine/spec/factories/transaction.rb": [
        1,
        1,
        1,
        1,
        1,
        1,
        null,
        null
      ],
      "/Users/whitney/Desktop/turing/3_module/projects/rales_engine/config/routes.rb": [
        1,
        null,
        1,
        1,
        1,
        1,
        1,
        1,
        1,
        1,
        1,
        null,
        1,
        1,
        1,
        1,
        1,
        null,
        null,
        null,
        null,
        1,
        1,
        1,
        1,
        null,
        1,
        1,
        1,
        1,
        null,
        null,
        null,
        null,
        null,
        1,
        1,
        1,
        1,
        1,
        null,
        1,
        1,
        1,
        1,
        1,
        null,
        null,
        1,
        1,
        1,
        1,
        1,
        null,
        1,
        1,
        null,
        null,
        null,
        1,
        1,
        1,
        1,
        1,
        null,
        1,
        1,
        null,
        null,
        1,
        1,
        1,
        1,
        1,
        null,
        1,
        null,
        null,
        null,
        null,
        null,
        null
      ],
      "/Users/whitney/Desktop/turing/3_module/projects/rales_engine/test/controllers/api/v1/invoice_items_controller_test.rb": [
        1,
        null,
        1,
        null,
        null,
        null,
        null
      ],
      "/Users/whitney/Desktop/turing/3_module/projects/rales_engine/test/controllers/api/v1/invoices_controller_test.rb": [
        1,
        null,
        1,
        null,
        null,
        null,
        null
      ],
      "/Users/whitney/Desktop/turing/3_module/projects/rales_engine/test/controllers/api/v1/items_controller_test.rb": [
        1,
        null,
        1,
        null,
        null,
        null,
        null
      ],
      "/Users/whitney/Desktop/turing/3_module/projects/rales_engine/test/controllers/api/v1/merchants_controller_test.rb": [
        1,
        null,
        1,
        null,
        1,
        1,
        1,
        null,
        1,
        1,
        1,
        null,
        null,
        1,
        1,
        1,
        1,
        null,
        1,
        1,
        1,
        1,
        null,
        null,
        1,
        1,
        1,
        1,
        null,
        1,
        1,
        null,
        null,
        1,
        1,
        1,
        1,
        1,
        1,
        null,
        1,
        1,
        null,
        null,
        1,
        1,
        1,
        null,
        1,
        1,
        null,
        1,
        1,
        null,
        1,
        1,
        null,
        1,
        1,
        null,
        1,
        null,
        1,
        null,
        1,
        null,
        null,
        1,
        null,
        null,
        null,
        null,
        1,
        1,
        1,
        null,
        1,
        1,
        null,
        1,
        1,
        null,
        1,
        1,
        null,
        1,
        1,
        null,
        1,
        null,
        1,
        null,
        1,
        null,
        null,
        1,
        1,
        null,
        null,
        1,
        1,
        0,
        0,
        null,
        0,
        0,
        null,
        0,
        0,
        null,
        0,
        0,
        null,
        0,
        0,
        null,
        0,
        null,
        null,
        1,
        1,
        null,
        1,
        1,
        null,
        1,
        1,
        null,
        1,
        1,
        null,
        1,
        1,
        null,
        1,
        null,
        1,
        null,
        1,
        null,
        null,
        1,
        null,
        null,
        1,
        1,
        null,
        1,
        1,
        null,
        1,
        1,
        null,
        1,
        1,
        null,
        1,
        1,
        null,
        1,
        null,
        1,
        null,
        null,
        1,
        1,
        null,
        null,
        null,
        null
      ],
      "/Users/whitney/Desktop/turing/3_module/projects/rales_engine/test/controllers/api/v1/transactions_controller_test.rb": [
        1,
        null,
        1,
        null,
        null,
        null,
        null
      ],
      "/Users/whitney/Desktop/turing/3_module/projects/rales_engine/test/models/customer_test.rb": [
        1,
        null,
        1,
        null,
        1,
        1,
        1,
        null,
        null,
        1,
        1,
        1,
        null,
        null,
        1,
        1,
        1,
        null,
        null,
        1,
        1,
        1,
        null,
        null,
        null
      ],
      "/Users/whitney/Desktop/turing/3_module/projects/rales_engine/test/models/invoice_item_test.rb": [
        1,
        null,
        1,
        null,
        1,
        1,
        1,
        null,
        null,
        1,
        1,
        1,
        null,
        null,
        1,
        1,
        1,
        null,
        null,
        1,
        1,
        1,
        null,
        null,
        1,
        1,
        1,
        null,
        null,
        1,
        1,
        1,
        null,
        null,
        null
      ],
      "/Users/whitney/Desktop/turing/3_module/projects/rales_engine/test/models/invoice_test.rb": [
        1,
        null,
        1,
        null,
        1,
        1,
        1,
        null,
        null,
        1,
        1,
        1,
        null,
        null,
        1,
        1,
        1,
        null,
        null,
        1,
        1,
        1,
        null,
        null,
        1,
        1,
        1,
        null,
        null,
        null
      ],
      "/Users/whitney/Desktop/turing/3_module/projects/rales_engine/test/models/item_test.rb": [
        1,
        null,
        1,
        null,
        1,
        1,
        1,
        null,
        null,
        1,
        1,
        1,
        null,
        null,
        1,
        1,
        1,
        null,
        null,
        1,
        1,
        1,
        null,
        null,
        1,
        1,
        1,
        null,
        null,
        1,
        1,
        1,
        null,
        null,
        null
      ],
      "/Users/whitney/Desktop/turing/3_module/projects/rales_engine/test/models/merchant_test.rb": [
        1,
        null,
        1,
        null,
        1,
        1,
        1,
        null,
        null,
        1,
        1,
        1,
        null,
        null,
        null
      ],
      "/Users/whitney/Desktop/turing/3_module/projects/rales_engine/test/models/transaction_test.rb": [
        1,
        null,
        1,
        null,
        1,
        1,
        1,
        null,
        null,
        1,
        1,
        1,
        null,
        null,
        1,
        1,
        1,
        null,
        null,
        1,
        1,
        1,
        null,
        null,
        1,
        1,
        1,
        null,
        null,
        null
      ],
      "/Users/whitney/Desktop/turing/3_module/projects/rales_engine/app/models/customer.rb": [
        1,
        1,
        1,
        1,
        1,
        null,
        1,
        1,
        null,
        null,
        null,
        null,
        null,
        null,
        null,
        null,
        null,
        null,
        null,
        null,
        null,
        null,
        null,
        null,
        null,
        null,
        null,
        null,
        null,
        null,
        null,
        null,
        null,
        null,
        null,
        null,
        null,
        null
      ],
      "/Users/whitney/Desktop/turing/3_module/projects/rales_engine/app/models/invoice_item.rb": [
        1,
        1,
        1,
        null,
        1,
        1,
        1,
        1,
        null
      ],
      "/Users/whitney/Desktop/turing/3_module/projects/rales_engine/app/models/invoice.rb": [
        1,
        1,
        1,
        1,
        1,
        1,
        null,
        1,
        1,
        1,
        null,
        1,
        8,
        null,
        1,
        0,
        null,
        1,
        12,
        null,
        null,
        null,
        null,
        null,
        null,
        null
      ],
      "/Users/whitney/Desktop/turing/3_module/projects/rales_engine/app/models/item.rb": [
        1,
        1,
        1,
        1,
        null,
        1,
        1,
        1,
        1,
        null,
        null
      ],
      "/Users/whitney/Desktop/turing/3_module/projects/rales_engine/app/models/merchant.rb": [
        1,
        1,
        1,
        1,
        1,
        1,
        null,
        1,
        null,
        1,
        1,
        0,
        null,
        0,
        null,
        null,
        null,
        1,
        0,
        null,
        null,
        1,
        0,
        null,
        null,
        1,
        10,
        null,
        null,
        1,
        3,
        null,
        null,
        null,
        1,
        2,
        4,
        null,
        null,
        null,
        null,
        null,
        null
      ],
      "/Users/whitney/Desktop/turing/3_module/projects/rales_engine/app/models/transaction.rb": [
        1,
        1,
        null,
        1,
        1,
        1,
        null
      ],
      "/Users/whitney/Desktop/turing/3_module/projects/rales_engine/app/controllers/api/v1/merchants_controller.rb": [
        1,
        1,
        null,
        1,
        0,
        null,
        null,
        1,
        0,
        null,
        null,
        1,
        0,
        null,
        null,
        1,
        0,
        null,
        null,
        1,
        0,
        null,
        null,
        1,
        0,
        null,
        null,
        1,
        0,
        null,
        null,
        1,
        0,
        null,
        null,
        1,
        0,
        null,
        null,
        1,
        0,
        null,
        null,
        1,
        0,
        null,
        null,
        1,
        null,
        1,
        0,
        null,
        null,
        1,
        0,
        null,
        null,
        1,
        0,
        null,
        null,
        null
      ],
      "/Users/whitney/Desktop/turing/3_module/projects/rales_engine/app/controllers/application_controller.rb": [
        1,
        null,
        null,
        1,
        null
      ],
      "/Users/whitney/Desktop/turing/3_module/projects/rales_engine/app/helpers/application_helper.rb": [
        1,
        null
      ],
      "/Users/whitney/Desktop/turing/3_module/projects/rales_engine/app/helpers/api/v1/customers_helper.rb": [
        1,
        null
      ],
      "/Users/whitney/Desktop/turing/3_module/projects/rales_engine/app/helpers/api/v1/invoice_items_helper.rb": [
        1,
        null
      ],
      "/Users/whitney/Desktop/turing/3_module/projects/rales_engine/app/helpers/api/v1/invoices_helper.rb": [
        1,
        null
      ],
      "/Users/whitney/Desktop/turing/3_module/projects/rales_engine/app/helpers/api/v1/items_helper.rb": [
        1,
        null
      ],
      "/Users/whitney/Desktop/turing/3_module/projects/rales_engine/app/helpers/api/v1/merchants_helper.rb": [
        1,
        null
      ],
      "/Users/whitney/Desktop/turing/3_module/projects/rales_engine/app/helpers/api/v1/transactions_helper.rb": [
        1,
        null
      ],
      "/Users/whitney/Desktop/turing/3_module/projects/rales_engine/app/helpers/customers_helper.rb": [
        1,
        null
      ]
    },
    "timestamp": 1438234796
  }
}
